<?xml version="1.0" encoding="UTF-8"?>
<testng-results ignored="0" total="1" passed="1" failed="0" skipped="0">
  <reporter-output>
  </reporter-output>
  <suite started-at="2022-10-03T18:02:41 IST" name="Default Suite" finished-at="2022-10-03T18:02:46 IST" duration-ms="5213">
    <groups>
    </groups>
    <test started-at="2022-10-03T18:02:41 IST" name="SeleniumBasics" finished-at="2022-10-03T18:02:46 IST" duration-ms="5213">
      <class name="TestNGBasics.DemoTest">
        <test-method signature="setUp()[pri:0, instance:TestNGBasics.DemoTest@a9cd3b1]" started-at="2022-10-03T18:02:41 IST" name="setUp" finished-at="2022-10-03T18:02:46 IST" duration-ms="5128" status="PASS">
          <reporter-output>
          </reporter-output>
        </test-method> <!-- setUp -->
      </class> <!-- TestNGBasics.DemoTest -->
    </test> <!-- SeleniumBasics -->
  </suite> <!-- Default Suite -->
</testng-results>
